[main] 2018-07-04 16:39:58,659 INFO  [org.springframework.beans.factory.config.PropertyPlaceholderConfigurer.loadProperties(177)] Loading properties file from class path resource [properties/config.properties]
[main] 2018-07-04 16:39:58,736 INFO  [org.springframework.beans.factory.support.DefaultListableBeanFactory.preInstantiateSingletons(577)] Pre-instantiating singletons in org.springframework.beans.factory.support.DefaultListableBeanFactory@30db95a1: defining beans [propertyConfigurer,XMemcacheClient,org.springframework.context.annotation.internalConfigurationAnnotationProcessor,org.springframework.context.annotation.internalAutowiredAnnotationProcessor,org.springframework.context.annotation.internalRequiredAnnotationProcessor,org.springframework.context.annotation.internalCommonAnnotationProcessor,memcachedAddressProvider,memcachedClient,memcachedClientBuilder,memcachedClientInstance,org.springframework.beans.factory.config.MethodInvokingFactoryBean#0,com.google.code.ssm.Settings#0,cacheBase,readThroughSingleCache,readThroughMultiCache,readThroughAssignCache,updateSingleCache,updateMultiCache,updateAssignCache,invalidateSingleCache,invalidateMultiCache,invalidateAssignCache,incrementCounterInCache,decrementCounterInCache,readCounterFromCache,updateCounterInCache,org.springframework.aop.config.internalAutoProxyCreator,org.springframework.context.annotation.ConfigurationClassPostProcessor.importAwareProcessor]; root of factory hierarchy
[main] 2018-07-04 16:39:58,737 INFO  [org.springframework.beans.factory.support.DefaultListableBeanFactory.destroySingletons(434)] ++++++++++ singletons in org.springframework.beans.factory.support.DefaultListableBeanFactory@30db95a1: defining beans [propertyConfigurer,XMemcacheClient,org.springframework.context.annotation.internalConfigurationAnnotationProcessor,org.springframework.context.annotation.internalAutowiredAnnotationProcessor,org.springframework.context.annotation.internalRequiredAnnotationProcessor,org.springframework.context.annotation.internalCommonAnnotationProcessor,memcachedAddressProvider,memcachedClient,memcachedClientBuilder,memcachedClientInstance,org.springframework.beans.factory.config.MethodInvokingFactoryBean#0,com.google.code.ssm.Settings#0,cacheBase,readThroughSingleCache,readThroughMultiCache,readThroughAssignCache,updateSingleCache,updateMultiCache,updateAssignCache,invalidateSingleCache,invalidateMultiCache,invalidateAssignCache,incrementCounterInCache,decrementCounterInCache,readCounterFromCache,updateCounterInCache,org.springframework.aop.config.internalAutoProxyCreator,org.springframework.context.annotation.ConfigurationClassPostProcessor.importAwareProcessor]; root of factory hierarchy
[main] 2018-07-04 16:39:58,738 ERROR [org.springframework.web.context.ContextLoader.initWebApplicationContext(307)] Context initialization failed
org.springframework.beans.factory.BeanCreationException: Error creating bean with name 'XMemcacheClient' defined in URL [jar:file:/C:/Users/Administrator/.m2/repository/com/d/b/a-core/3.0.4/a-core-3.0.4.jar!/com/a/b/core/cache/memcache/XMemcacheClient.class]: BeanPostProcessor before instantiation of bean failed; nested exception is java.lang.NoClassDefFoundError: org/aspectj/lang/annotation/Aspect
	at org.springframework.beans.factory.support.AbstractAutowireCapableBeanFactory.createBean(AbstractAutowireCapableBeanFactory.java:452)
	at org.springframework.beans.factory.support.AbstractBeanFactory$1.getObject(AbstractBeanFactory.java:294)
	at org.springframework.beans.factory.support.DefaultSingletonBeanRegistry.getSingleton(DefaultSingletonBeanRegistry.java:225)
	at org.springframework.beans.factory.support.AbstractBeanFactory.doGetBean(AbstractBeanFactory.java:291)
	at org.springframework.beans.factory.support.AbstractBeanFactory.getBean(AbstractBeanFactory.java:193)
	at org.springframework.beans.factory.support.DefaultListableBeanFactory.preInstantiateSingletons(DefaultListableBeanFactory.java:605)
	at org.springframework.context.support.AbstractApplicationContext.finishBeanFactoryInitialization(AbstractApplicationContext.java:925)
	at org.springframework.context.support.AbstractApplicationContext.refresh(AbstractApplicationContext.java:472)
	at org.springframework.web.context.ContextLoader.configureAndRefreshWebApplicationContext(ContextLoader.java:383)
	at org.springframework.web.context.ContextLoader.initWebApplicationContext(ContextLoader.java:283)
	at org.springframework.web.context.ContextLoaderListener.contextInitialized(ContextLoaderListener.java:111)
	at org.mortbay.jetty.handler.ContextHandler.startContext(ContextHandler.java:549)
	at org.mortbay.jetty.servlet.Context.startContext(Context.java:136)
	at org.mortbay.jetty.webapp.WebAppContext.startContext(WebAppContext.java:1282)
	at org.mortbay.jetty.handler.ContextHandler.doStart(ContextHandler.java:518)
	at org.mortbay.jetty.webapp.WebAppContext.doStart(WebAppContext.java:499)
	at org.mortbay.component.AbstractLifeCycle.start(AbstractLifeCycle.java:50)
	at org.mortbay.jetty.handler.HandlerWrapper.doStart(HandlerWrapper.java:130)
	at org.mortbay.jetty.Server.doStart(Server.java:224)
	at org.mortbay.component.AbstractLifeCycle.start(AbstractLifeCycle.java:50)
	at runjettyrun.Bootstrap.main(Bootstrap.java:97)
Caused by: java.lang.NoClassDefFoundError: org/aspectj/lang/annotation/Aspect
	at org.springframework.aop.aspectj.annotation.AbstractAspectJAdvisorFactory.hasAspectAnnotation(AbstractAspectJAdvisorFactory.java:119)
	at org.springframework.aop.aspectj.annotation.AbstractAspectJAdvisorFactory.isAspect(AbstractAspectJAdvisorFactory.java:115)
	at org.springframework.aop.aspectj.annotation.AnnotationAwareAspectJAutoProxyCreator.isInfrastructureClass(AnnotationAwareAspectJAutoProxyCreator.java:100)
	at org.springframework.aop.framework.autoproxy.AbstractAutoProxyCreator.postProcessBeforeInstantiation(AbstractAutoProxyCreator.java:278)
	at org.springframework.beans.factory.support.AbstractAutowireCapableBeanFactory.applyBeanPostProcessorsBeforeInstantiation(AbstractAutowireCapableBeanFactory.java:880)
	at org.springframework.beans.factory.support.AbstractAutowireCapableBeanFactory.resolveBeforeInstantiation(AbstractAutowireCapableBeanFactory.java:852)
	at org.springframework.beans.factory.support.AbstractAutowireCapableBeanFactory.createBean(AbstractAutowireCapableBeanFactory.java:446)
	... 20 more
Caused by: java.lang.ClassNotFoundException: org.aspectj.lang.annotation.Aspect
	at java.net.URLClassLoader$1.run(URLClassLoader.java:202)
	at java.security.AccessController.doPrivileged(Native Method)
	at java.net.URLClassLoader.findClass(URLClassLoader.java:190)
	at org.mortbay.jetty.webapp.WebAppClassLoader.loadClass(WebAppClassLoader.java:392)
	at runjettyrun.ProjectClassLoader.loadClass(ProjectClassLoader.java:89)
	... 27 more
[main] 2018-07-04 16:40:58,738 ERROR [org.springframework.web.context.ContextLoader.initWebApplicationContext(307)] === initialization failed
